<?xml version="1.0" encoding="UTF-8"?>
<testng-results ignored="0" total="1" passed="1" failed="0" skipped="0">
  <reporter-output>
    <line>
      <![CDATA[Login to application with LOGIN mngr433095 and PASSWORD rArYsar]]>
    </line>
    <line>
      <![CDATA[Manger Id : mngr433095 EQUAL TOManger Id : mngr433095]]>
    </line>
    <line>
      <![CDATA[Clicked on: Log out]]>
    </line>
    <line>
      <![CDATA[Login to application with invalid LOGIN invalid and PASSWORD rArYsar]]>
    </line>
    <line>
      <![CDATA[Login to application with LOGIN mngr433095 and invalid PASSWORD invalid]]>
    </line>
    <line>
      <![CDATA[Login to application with invalid LOGIN invalid and invalid PASSWORD invalid]]>
    </line>
  </reporter-output>
  <suite started-at="2022-08-26T17:48:17Z" name="Default suite" finished-at="2022-08-26T17:48:52Z" duration-ms="34418">
    <groups>
    </groups>
    <test started-at="2022-08-26T17:48:17Z" name="Default test" finished-at="2022-08-26T17:48:52Z" duration-ms="34418">
      <class name="com.az.Test.VerifyLoginSection">
        <test-method is-config="true" signature="setUpClass()[pri:0, instance:com.az.Test.VerifyLoginSection@63787180]" started-at="2022-08-26T19:48:17Z" name="setUpClass" finished-at="2022-08-26T19:48:21Z" duration-ms="3469" status="PASS">
          <reporter-output>
          </reporter-output>
        </test-method> <!-- setUpClass -->
        <test-method signature="verifyloginSection()[pri:0, instance:com.az.Test.VerifyLoginSection@63787180]" started-at="2022-08-26T19:48:21Z" name="verifyloginSection" finished-at="2022-08-26T19:48:50Z" duration-ms="29751" status="PASS">
          <reporter-output>
            <line>
              <![CDATA[Login to application with LOGIN mngr433095 and PASSWORD rArYsar]]>
            </line>
            <line>
              <![CDATA[Manger Id : mngr433095 EQUAL TOManger Id : mngr433095]]>
            </line>
            <line>
              <![CDATA[Clicked on: Log out]]>
            </line>
            <line>
              <![CDATA[Login to application with invalid LOGIN invalid and PASSWORD rArYsar]]>
            </line>
            <line>
              <![CDATA[Login to application with LOGIN mngr433095 and invalid PASSWORD invalid]]>
            </line>
            <line>
              <![CDATA[Login to application with invalid LOGIN invalid and invalid PASSWORD invalid]]>
            </line>
          </reporter-output>
        </test-method> <!-- verifyloginSection -->
        <test-method is-config="true" signature="captureScreenShotOnFailure(org.testng.ITestResult)[pri:0, instance:com.az.Test.VerifyLoginSection@63787180]" started-at="2022-08-26T19:48:50Z" name="captureScreenShotOnFailure" finished-at="2022-08-26T19:48:50Z" duration-ms="3" status="PASS">
          <params>
            <param index="0">
              <value>
                <![CDATA[[TestResult name=verifyloginSection status=SUCCESS method=VerifyLoginSection.verifyloginSection()[pri:0, instance:com.az.Test.VerifyLoginSection@63787180] output=Login to application with LOGIN mngr433095 and PASSWORD rArYsar]]]>
              </value>
            </param>
          </params>
          <reporter-output>
          </reporter-output>
        </test-method> <!-- captureScreenShotOnFailure -->
        <test-method is-config="true" signature="tearDownClass()[pri:0, instance:com.az.Test.VerifyLoginSection@63787180]" started-at="2022-08-26T19:48:50Z" name="tearDownClass" finished-at="2022-08-26T19:48:52Z" duration-ms="1178" status="PASS">
          <reporter-output>
          </reporter-output>
        </test-method> <!-- tearDownClass -->
      </class> <!-- com.az.Test.VerifyLoginSection -->
    </test> <!-- Default test -->
  </suite> <!-- Default suite -->
</testng-results>
